TN:
SF:/home/georgeisbusting/angular/mindex-js-code-challenge/src/polyfills.ts
FNF:0
FNH:0
DA:46,1
DA:74,1
LF:2
LH:2
BRF:0
BRH:0
end_of_record
TN:
SF:/home/georgeisbusting/angular/mindex-js-code-challenge/src/test.ts
FNF:0
FNH:0
DA:3,1
DA:4,1
DA:5,1
DA:13,1
DA:18,1
DA:20,1
LF:6
LH:6
BRF:0
BRH:0
end_of_record
TN:
SF:/home/georgeisbusting/angular/mindex-js-code-challenge/src/app/app.component.ts
FN:8,(anonymous_2)
FNF:1
FNH:1
FNDA:2,(anonymous_2)
DA:1,1
DA:8,1
DA:9,1
LF:3
LH:3
BRF:0
BRH:0
end_of_record
TN:
SF:/home/georgeisbusting/angular/mindex-js-code-challenge/src/app/employee/employee.component.ts
FN:14,(anonymous_3)
FN:23,EmployeeComponent
FN:28,(anonymous_5)
FN:33,(anonymous_6)
FN:38,(anonymous_7)
FN:40,(anonymous_8)
FN:50,(anonymous_9)
FN:54,(anonymous_10)
FN:57,(anonymous_11)
FN:59,(anonymous_12)
FN:67,(anonymous_13)
FN:71,(anonymous_14)
FNF:12
FNH:2
FNDA:1,(anonymous_3)
FNDA:1,EmployeeComponent
FNDA:0,(anonymous_5)
FNDA:0,(anonymous_6)
FNDA:0,(anonymous_7)
FNDA:0,(anonymous_8)
FNDA:0,(anonymous_9)
FNDA:0,(anonymous_10)
FNDA:0,(anonymous_11)
FNDA:0,(anonymous_12)
FNDA:0,(anonymous_13)
FNDA:0,(anonymous_14)
DA:1,1
DA:2,1
DA:3,1
DA:6,1
DA:7,1
DA:14,1
DA:15,1
DA:16,1
DA:17,1
DA:18,1
DA:19,1
DA:20,1
DA:23,1
DA:28,1
DA:29,0
DA:30,0
DA:33,1
DA:34,0
DA:35,0
DA:36,0
DA:38,0
DA:39,0
DA:40,0
DA:41,0
DA:42,0
DA:43,0
DA:50,1
DA:51,0
DA:52,0
DA:53,0
DA:55,0
DA:57,0
DA:60,0
DA:61,0
DA:62,0
DA:67,1
DA:68,0
DA:71,1
DA:72,0
DA:75,1
LF:40
LH:19
BRDA:34,0,0,0
BRDA:34,0,1,0
BRDA:41,1,0,0
BRDA:41,1,1,0
BRDA:51,2,0,0
BRDA:51,2,1,0
BRF:6
BRH:0
end_of_record
TN:
SF:/home/georgeisbusting/angular/mindex-js-code-challenge/src/app/employee-list/employee-list.component.ts
FN:12,(anonymous_3)
FN:16,EmployeeListComponent
FN:19,(anonymous_5)
FN:22,(anonymous_6)
FN:23,(anonymous_7)
FN:28,(anonymous_8)
FN:33,(anonymous_9)
FN:38,(anonymous_10)
FNF:8
FNH:4
FNDA:1,(anonymous_3)
FNDA:3,EmployeeListComponent
FNDA:0,(anonymous_5)
FNDA:0,(anonymous_6)
FNDA:0,(anonymous_7)
FNDA:0,(anonymous_8)
FNDA:1,(anonymous_9)
FNDA:1,(anonymous_10)
DA:1,1
DA:2,1
DA:5,1
DA:12,1
DA:13,3
DA:16,3
DA:19,1
DA:20,0
DA:22,0
DA:23,0
DA:28,1
DA:29,0
DA:30,0
DA:33,1
DA:34,1
DA:35,1
DA:38,1
DA:39,1
DA:40,1
DA:44,1
LF:20
LH:15
BRDA:30,0,0,0
BRDA:30,0,1,0
BRF:2
BRH:0
end_of_record
TN:
SF:/home/georgeisbusting/angular/mindex-js-code-challenge/src/app/models/employee.ts
FN:1,(anonymous_1)
FNF:1
FNH:1
FNDA:1,(anonymous_1)
DA:1,1
DA:8,1
LF:2
LH:2
BRF:0
BRH:0
end_of_record
TN:
SF:/home/georgeisbusting/angular/mindex-js-code-challenge/src/app/services/employee.service.ts
FN:9,(anonymous_3)
FN:12,EmployeeService
FN:15,(anonymous_5)
FN:18,(anonymous_6)
FN:23,(anonymous_7)
FN:25,(anonymous_8)
FN:28,(anonymous_9)
FN:33,(anonymous_10)
FN:38,(anonymous_11)
FN:44,(anonymous_12)
FN:48,(anonymous_13)
FN:52,(anonymous_14)
FNF:12
FNH:2
FNDA:1,(anonymous_3)
FNDA:1,EmployeeService
FNDA:0,(anonymous_5)
FNDA:0,(anonymous_6)
FNDA:0,(anonymous_7)
FNDA:0,(anonymous_8)
FNDA:0,(anonymous_9)
FNDA:0,(anonymous_10)
FNDA:0,(anonymous_11)
FNDA:0,(anonymous_12)
FNDA:0,(anonymous_13)
FNDA:0,(anonymous_14)
DA:1,1
DA:2,1
DA:3,1
DA:4,1
DA:9,1
DA:10,1
DA:12,1
DA:15,1
DA:16,0
DA:18,0
DA:23,1
DA:25,0
DA:28,1
DA:29,0
DA:33,1
DA:34,0
DA:35,0
DA:38,1
DA:39,0
DA:44,1
DA:45,0
DA:48,1
DA:49,0
DA:52,1
DA:53,0
DA:55,1
LF:26
LH:16
BRDA:34,0,0,0
BRDA:34,0,1,0
BRDA:53,1,0,0
BRDA:53,1,1,0
BRF:4
BRH:0
end_of_record
